<?xml version="1.0" encoding="UTF-8"?>
<testng-results ignored="0" total="1" passed="1" failed="0" skipped="0">
  <reporter-output>
  </reporter-output>
  <suite started-at="2022-04-05T11:02:47 CDT" name="Default suite" finished-at="2022-04-05T11:02:53 CDT" duration-ms="6359">
    <groups>
    </groups>
    <test started-at="2022-04-05T11:02:47 CDT" name="Default test" finished-at="2022-04-05T11:02:53 CDT" duration-ms="6359">
      <class name="test.AddCustomerTestPage">
        <test-method signature="validUserShouldBeAbleToCreateCustomer()[pri:0, instance:test.AddCustomerTestPage@3246fb96]" started-at="2022-04-05T11:02:47 CDT" name="validUserShouldBeAbleToCreateCustomer" finished-at="2022-04-05T11:02:53 CDT" duration-ms="6320" status="PASS">
          <reporter-output>
          </reporter-output>
        </test-method> <!-- validUserShouldBeAbleToCreateCustomer -->
      </class> <!-- test.AddCustomerTestPage -->
    </test> <!-- Default test -->
  </suite> <!-- Default suite -->
</testng-results>
